[04-Oct-2024 05:03:07 UTC] PHP Fatal error:  Cannot redeclare wpb_styled_contact_form() (previously declared in C:\Users\ANJAN\Local Sites\cyberaplhacloud\app\public\wp-content\themes\one-business-blocks\functions.php:47) in C:\Users\ANJAN\Local Sites\cyberaplhacloud\app\public\wp-content\themes\one-business-blocks\functions.php on line 138
[04-Oct-2024 05:03:10 UTC] PHP Fatal error:  Cannot redeclare wpb_styled_contact_form() (previously declared in C:\Users\ANJAN\Local Sites\cyberaplhacloud\app\public\wp-content\themes\one-business-blocks\functions.php:47) in C:\Users\ANJAN\Local Sites\cyberaplhacloud\app\public\wp-content\themes\one-business-blocks\functions.php on line 138
[04-Oct-2024 05:03:10 UTC] PHP Fatal error:  Cannot redeclare wpb_styled_contact_form() (previously declared in C:\Users\ANJAN\Local Sites\cyberaplhacloud\app\public\wp-content\themes\one-business-blocks\functions.php:47) in C:\Users\ANJAN\Local Sites\cyberaplhacloud\app\public\wp-content\themes\one-business-blocks\functions.php on line 138
[04-Oct-2024 05:03:25 UTC] PHP Fatal error:  Cannot redeclare wpb_styled_contact_form() (previously declared in C:\Users\ANJAN\Local Sites\cyberaplhacloud\app\public\wp-content\themes\one-business-blocks\functions.php:47) in C:\Users\ANJAN\Local Sites\cyberaplhacloud\app\public\wp-content\themes\one-business-blocks\functions.php on line 138
[04-Oct-2024 05:03:25 UTC] PHP Warning:  Trying to access array offset on value of type bool in C:\Users\ANJAN\Local Sites\cyberaplhacloud\app\public\wp-includes\class-wp-recovery-mode-email-service.php on line 367
[04-Oct-2024 05:03:25 UTC] PHP Warning:  Trying to access array offset on value of type bool in C:\Users\ANJAN\Local Sites\cyberaplhacloud\app\public\wp-includes\class-wp-recovery-mode-email-service.php on line 368
[08-Oct-2024 00:34:40 UTC] PHP Warning:  Undefined array key "name" in C:\Users\ANJAN\Local Sites\cyberaplhacloud\app\public\wp-content\themes\one-business-blocks\functions.php on line 271
[08-Oct-2024 01:00:00 UTC] PHP Warning:  Undefined array key "name" in C:\Users\ANJAN\Local Sites\cyberaplhacloud\app\public\wp-content\themes\one-business-blocks\functions.php on line 271
[11-Oct-2024 13:23:14 UTC] PHP Fatal error:  Uncaught Error: Call to a member function get_data() on null in C:\Users\ANJAN\Local Sites\cyberaplhacloud\app\public\wp-content\plugins\all-in-one-seo-pack\app\Common\Standalone\DetailsColumn.php:174
Stack trace:
#0 C:\Users\ANJAN\Local Sites\cyberaplhacloud\app\public\wp-includes\class-wp-hook.php(324): AIOSEO\Plugin\Common\Standalone\DetailsColumn->renderColumn('aioseo-details', 36)
#1 C:\Users\ANJAN\Local Sites\cyberaplhacloud\app\public\wp-includes\class-wp-hook.php(348): WP_Hook->apply_filters('', Array)
#2 C:\Users\ANJAN\Local Sites\cyberaplhacloud\app\public\wp-includes\plugin.php(517): WP_Hook->do_action(Array)
#3 C:\Users\ANJAN\Local Sites\cyberaplhacloud\app\public\wp-admin\includes\class-wp-posts-list-table.php(1398): do_action('manage_page_pos...', 'aioseo-details', 36)
#4 C:\Users\ANJAN\Local Sites\cyberaplhacloud\app\public\wp-admin\includes\class-wp-list-table.php(1802): WP_Posts_List_Table->column_default(Object(WP_Post), 'aioseo-details')
#5 C:\Users\ANJAN\Local Sites\cyberaplhacloud\app\public\wp-admin\includes\class-wp-posts-list-table.php(1432): WP_List_Table->single_row_columns(Object(WP_Post))
#6 C:\Users\ANJAN\Local Sites\cyberaplhacloud\app\public\wp-admin\includes\class-wp-posts-list-table.php(834): WP_Posts_List_Table->single_row(Object(WP_Post), 0)
#7 C:\Users\ANJAN\Local Sites\cyberaplhacloud\app\public\wp-admin\includes\class-wp-posts-list-table.php(810): WP_Posts_List_Table->_display_rows(Array, 0)
#8 C:\Users\ANJAN\Local Sites\cyberaplhacloud\app\public\wp-admin\includes\ajax-actions.php(2165): WP_Posts_List_Table->display_rows(Array, 0)
#9 C:\Users\ANJAN\Local Sites\cyberaplhacloud\app\public\wp-includes\class-wp-hook.php(324): wp_ajax_inline_save('')
#10 C:\Users\ANJAN\Local Sites\cyberaplhacloud\app\public\wp-includes\class-wp-hook.php(348): WP_Hook->apply_filters('', Array)
#11 C:\Users\ANJAN\Local Sites\cyberaplhacloud\app\public\wp-includes\plugin.php(517): WP_Hook->do_action(Array)
#12 C:\Users\ANJAN\Local Sites\cyberaplhacloud\app\public\wp-admin\admin-ajax.php(192): do_action('wp_ajax_inline-...')
#13 {main}
  thrown in C:\Users\ANJAN\Local Sites\cyberaplhacloud\app\public\wp-content\plugins\all-in-one-seo-pack\app\Common\Standalone\DetailsColumn.php on line 174
[11-Oct-2024 13:24:28 UTC] PHP Fatal error:  Uncaught Error: Call to a member function get_data() on null in C:\Users\ANJAN\Local Sites\cyberaplhacloud\app\public\wp-content\plugins\all-in-one-seo-pack\app\Common\Standalone\DetailsColumn.php:174
Stack trace:
#0 C:\Users\ANJAN\Local Sites\cyberaplhacloud\app\public\wp-includes\class-wp-hook.php(324): AIOSEO\Plugin\Common\Standalone\DetailsColumn->renderColumn('aioseo-details', 36)
#1 C:\Users\ANJAN\Local Sites\cyberaplhacloud\app\public\wp-includes\class-wp-hook.php(348): WP_Hook->apply_filters('', Array)
#2 C:\Users\ANJAN\Local Sites\cyberaplhacloud\app\public\wp-includes\plugin.php(517): WP_Hook->do_action(Array)
#3 C:\Users\ANJAN\Local Sites\cyberaplhacloud\app\public\wp-admin\includes\class-wp-posts-list-table.php(1398): do_action('manage_page_pos...', 'aioseo-details', 36)
#4 C:\Users\ANJAN\Local Sites\cyberaplhacloud\app\public\wp-admin\includes\class-wp-list-table.php(1802): WP_Posts_List_Table->column_default(Object(WP_Post), 'aioseo-details')
#5 C:\Users\ANJAN\Local Sites\cyberaplhacloud\app\public\wp-admin\includes\class-wp-posts-list-table.php(1432): WP_List_Table->single_row_columns(Object(WP_Post))
#6 C:\Users\ANJAN\Local Sites\cyberaplhacloud\app\public\wp-admin\includes\class-wp-posts-list-table.php(834): WP_Posts_List_Table->single_row(Object(WP_Post), 0)
#7 C:\Users\ANJAN\Local Sites\cyberaplhacloud\app\public\wp-admin\includes\class-wp-posts-list-table.php(810): WP_Posts_List_Table->_display_rows(Array, 0)
#8 C:\Users\ANJAN\Local Sites\cyberaplhacloud\app\public\wp-admin\includes\ajax-actions.php(2165): WP_Posts_List_Table->display_rows(Array, 0)
#9 C:\Users\ANJAN\Local Sites\cyberaplhacloud\app\public\wp-includes\class-wp-hook.php(324): wp_ajax_inline_save('')
#10 C:\Users\ANJAN\Local Sites\cyberaplhacloud\app\public\wp-includes\class-wp-hook.php(348): WP_Hook->apply_filters('', Array)
#11 C:\Users\ANJAN\Local Sites\cyberaplhacloud\app\public\wp-includes\plugin.php(517): WP_Hook->do_action(Array)
#12 C:\Users\ANJAN\Local Sites\cyberaplhacloud\app\public\wp-admin\admin-ajax.php(192): do_action('wp_ajax_inline-...')
#13 {main}
  thrown in C:\Users\ANJAN\Local Sites\cyberaplhacloud\app\public\wp-content\plugins\all-in-one-seo-pack\app\Common\Standalone\DetailsColumn.php on line 174
[11-Oct-2024 13:26:21 UTC] PHP Fatal error:  Uncaught Error: Call to a member function get_data() on null in C:\Users\ANJAN\Local Sites\cyberaplhacloud\app\public\wp-content\plugins\all-in-one-seo-pack\app\Common\Standalone\DetailsColumn.php:174
Stack trace:
#0 C:\Users\ANJAN\Local Sites\cyberaplhacloud\app\public\wp-includes\class-wp-hook.php(324): AIOSEO\Plugin\Common\Standalone\DetailsColumn->renderColumn('aioseo-details', 36)
#1 C:\Users\ANJAN\Local Sites\cyberaplhacloud\app\public\wp-includes\class-wp-hook.php(348): WP_Hook->apply_filters('', Array)
#2 C:\Users\ANJAN\Local Sites\cyberaplhacloud\app\public\wp-includes\plugin.php(517): WP_Hook->do_action(Array)
#3 C:\Users\ANJAN\Local Sites\cyberaplhacloud\app\public\wp-admin\includes\class-wp-posts-list-table.php(1398): do_action('manage_page_pos...', 'aioseo-details', 36)
#4 C:\Users\ANJAN\Local Sites\cyberaplhacloud\app\public\wp-admin\includes\class-wp-list-table.php(1802): WP_Posts_List_Table->column_default(Object(WP_Post), 'aioseo-details')
#5 C:\Users\ANJAN\Local Sites\cyberaplhacloud\app\public\wp-admin\includes\class-wp-posts-list-table.php(1432): WP_List_Table->single_row_columns(Object(WP_Post))
#6 C:\Users\ANJAN\Local Sites\cyberaplhacloud\app\public\wp-admin\includes\class-wp-posts-list-table.php(834): WP_Posts_List_Table->single_row(Object(WP_Post), 0)
#7 C:\Users\ANJAN\Local Sites\cyberaplhacloud\app\public\wp-admin\includes\class-wp-posts-list-table.php(810): WP_Posts_List_Table->_display_rows(Array, 0)
#8 C:\Users\ANJAN\Local Sites\cyberaplhacloud\app\public\wp-admin\includes\ajax-actions.php(2165): WP_Posts_List_Table->display_rows(Array, 0)
#9 C:\Users\ANJAN\Local Sites\cyberaplhacloud\app\public\wp-includes\class-wp-hook.php(324): wp_ajax_inline_save('')
#10 C:\Users\ANJAN\Local Sites\cyberaplhacloud\app\public\wp-includes\class-wp-hook.php(348): WP_Hook->apply_filters('', Array)
#11 C:\Users\ANJAN\Local Sites\cyberaplhacloud\app\public\wp-includes\plugin.php(517): WP_Hook->do_action(Array)
#12 C:\Users\ANJAN\Local Sites\cyberaplhacloud\app\public\wp-admin\admin-ajax.php(192): do_action('wp_ajax_inline-...')
#13 {main}
  thrown in C:\Users\ANJAN\Local Sites\cyberaplhacloud\app\public\wp-content\plugins\all-in-one-seo-pack\app\Common\Standalone\DetailsColumn.php on line 174
[11-Oct-2024 13:27:37 UTC] PHP Fatal error:  Uncaught Error: Call to a member function get_data() on null in C:\Users\ANJAN\Local Sites\cyberaplhacloud\app\public\wp-content\plugins\all-in-one-seo-pack\app\Common\Standalone\DetailsColumn.php:174
Stack trace:
#0 C:\Users\ANJAN\Local Sites\cyberaplhacloud\app\public\wp-includes\class-wp-hook.php(324): AIOSEO\Plugin\Common\Standalone\DetailsColumn->renderColumn('aioseo-details', 36)
#1 C:\Users\ANJAN\Local Sites\cyberaplhacloud\app\public\wp-includes\class-wp-hook.php(348): WP_Hook->apply_filters('', Array)
#2 C:\Users\ANJAN\Local Sites\cyberaplhacloud\app\public\wp-includes\plugin.php(517): WP_Hook->do_action(Array)
#3 C:\Users\ANJAN\Local Sites\cyberaplhacloud\app\public\wp-admin\includes\class-wp-posts-list-table.php(1398): do_action('manage_page_pos...', 'aioseo-details', 36)
#4 C:\Users\ANJAN\Local Sites\cyberaplhacloud\app\public\wp-admin\includes\class-wp-list-table.php(1802): WP_Posts_List_Table->column_default(Object(WP_Post), 'aioseo-details')
#5 C:\Users\ANJAN\Local Sites\cyberaplhacloud\app\public\wp-admin\includes\class-wp-posts-list-table.php(1432): WP_List_Table->single_row_columns(Object(WP_Post))
#6 C:\Users\ANJAN\Local Sites\cyberaplhacloud\app\public\wp-admin\includes\class-wp-posts-list-table.php(834): WP_Posts_List_Table->single_row(Object(WP_Post), 0)
#7 C:\Users\ANJAN\Local Sites\cyberaplhacloud\app\public\wp-admin\includes\class-wp-posts-list-table.php(810): WP_Posts_List_Table->_display_rows(Array, 0)
#8 C:\Users\ANJAN\Local Sites\cyberaplhacloud\app\public\wp-admin\includes\ajax-actions.php(2165): WP_Posts_List_Table->display_rows(Array, 0)
#9 C:\Users\ANJAN\Local Sites\cyberaplhacloud\app\public\wp-includes\class-wp-hook.php(324): wp_ajax_inline_save('')
#10 C:\Users\ANJAN\Local Sites\cyberaplhacloud\app\public\wp-includes\class-wp-hook.php(348): WP_Hook->apply_filters('', Array)
#11 C:\Users\ANJAN\Local Sites\cyberaplhacloud\app\public\wp-includes\plugin.php(517): WP_Hook->do_action(Array)
#12 C:\Users\ANJAN\Local Sites\cyberaplhacloud\app\public\wp-admin\admin-ajax.php(192): do_action('wp_ajax_inline-...')
#13 {main}
  thrown in C:\Users\ANJAN\Local Sites\cyberaplhacloud\app\public\wp-content\plugins\all-in-one-seo-pack\app\Common\Standalone\DetailsColumn.php on line 174
[11-Oct-2024 13:34:39 UTC] PHP Warning:  Attempt to read property "content" on null in C:\Users\ANJAN\Local Sites\cyberaplhacloud\app\public\wp-includes\blocks\template-part.php on line 73
[11-Oct-2024 13:35:44 UTC] PHP Warning:  Attempt to read property "content" on null in C:\Users\ANJAN\Local Sites\cyberaplhacloud\app\public\wp-includes\blocks\template-part.php on line 73
